[0m11:20:27.439740 [debug] [MainThread]: Sending event: {'category': 'dbt', 'action': 'invocation', 'label': 'start', 'context': [<snowplow_tracker.self_describing_json.SelfDescribingJson object at 0x737752ca7dd0>, <snowplow_tracker.self_describing_json.SelfDescribingJson object at 0x73774ffc8050>, <snowplow_tracker.self_describing_json.SelfDescribingJson object at 0x73774ffc9bd0>]}


============================== 11:20:27.444631 | 6f3e39d5-f253-4824-8bb7-22b4a6e9bedb ==============================
[0m11:20:27.444631 [info ] [MainThread]: Running with dbt=1.10.9
[0m11:20:27.446024 [debug] [MainThread]: running dbt with arguments {'log_cache_events': 'False', 'indirect_selection': 'eager', 'use_experimental_parser': 'False', 'partial_parse': 'True', 'log_format': 'default', 'use_colors': 'True', 'quiet': 'False', 'printer_width': '80', 'no_print': 'None', 'write_json': 'True', 'empty': 'None', 'send_anonymous_usage_stats': 'True', 'invocation_command': 'dbt init my_dbt_test', 'log_path': 'logs', 'fail_fast': 'False', 'target_path': 'None', 'introspect': 'True', 'debug': 'False', 'version_check': 'True', 'warn_error': 'None', 'profiles_dir': '/mnt/c/Users/johnphs/NTU-DSAI/.dbt', 'warn_error_options': 'WarnErrorOptionsV2(error=[], warn=[], silence=[])', 'cache_selected_only': 'False', 'static_parser': 'True'}
[0m11:20:27.472920 [info ] [MainThread]: Creating dbt configuration folder at /mnt/c/Users/johnphs/NTU-DSAI/.dbt
[0m11:20:27.479424 [debug] [MainThread]: Starter project path: /home/johnphs/miniconda3/envs/elt/lib/python3.11/site-packages/dbt/include/starter_project
[0m11:20:27.614866 [info ] [MainThread]: 
Your new dbt project "my_dbt_test" was created!

For more information on how to configure the profiles.yml file,
please consult the dbt documentation here:

  https://docs.getdbt.com/docs/configure-your-profile

One more thing:

Need help? Don't hesitate to reach out to us via GitHub issues or on Slack:

  https://community.getdbt.com/

Happy modeling!

[0m11:20:27.615876 [info ] [MainThread]: Setting up your profile.
[0m11:21:59.803618 [info ] [MainThread]: Profile my_dbt_test written to /mnt/c/Users/johnphs/NTU-DSAI/.dbt/profiles.yml using target's profile_template.yml and your supplied values. Run 'dbt debug' to validate the connection.
[0m11:21:59.805610 [debug] [MainThread]: Resource report: {"command_name": "init", "command_success": true, "command_wall_clock_time": 92.42008, "process_in_blocks": "449376", "process_kernel_time": 5.223059, "process_mem_max_rss": "375108", "process_out_blocks": "24", "process_user_time": 6.943348}
[0m11:21:59.807130 [debug] [MainThread]: Command `dbt init` succeeded at 11:21:59.806968 after 92.42 seconds
[0m11:21:59.808802 [debug] [MainThread]: Sending event: {'category': 'dbt', 'action': 'invocation', 'label': 'end', 'context': [<snowplow_tracker.self_describing_json.SelfDescribingJson object at 0x73774ffc1f50>, <snowplow_tracker.self_describing_json.SelfDescribingJson object at 0x73775003a750>, <snowplow_tracker.self_describing_json.SelfDescribingJson object at 0x737754874290>]}
[0m11:21:59.809794 [debug] [MainThread]: Flushing usage events
[0m11:22:00.809078 [debug] [MainThread]: An error was encountered while trying to flush usage events
